Performing C SOURCE FILE Test CMAKE_HAVE_LIBC_PTHREAD failed with the following output:
Change Dir: /root/app/code/build/CMakeFiles/CMakeTmp

Run Build Command(s):/usr/bin/make -f Makefile cmTC_bd46b/fast && /usr/bin/make  -f CMakeFiles/cmTC_bd46b.dir/build.make CMakeFiles/cmTC_bd46b.dir/build
make[1]: Entering directory '/root/app/code/build/CMakeFiles/CMakeTmp'
Building C object CMakeFiles/cmTC_bd46b.dir/src.c.o
/usr/bin/x86_64-linux-gnu-gcc-7 -DCMAKE_HAVE_LIBC_PTHREAD   -o CMakeFiles/cmTC_bd46b.dir/src.c.o -c /root/app/code/build/CMakeFiles/CMakeTmp/src.c
Linking C executable cmTC_bd46b
/usr/local/lib/python3.7/dist-packages/cmake/data/bin/cmake -E cmake_link_script CMakeFiles/cmTC_bd46b.dir/link.txt --verbose=1
/usr/bin/x86_64-linux-gnu-gcc-7 -rdynamic CMakeFiles/cmTC_bd46b.dir/src.c.o -o cmTC_bd46b 
CMakeFiles/cmTC_bd46b.dir/src.c.o: In function `main':
src.c:(.text+0x3c): undefined reference to `pthread_create'
src.c:(.text+0x48): undefined reference to `pthread_detach'
src.c:(.text+0x54): undefined reference to `pthread_cancel'
src.c:(.text+0x65): undefined reference to `pthread_join'
src.c:(.text+0x79): undefined reference to `pthread_atfork'
collect2: error: ld returned 1 exit status
CMakeFiles/cmTC_bd46b.dir/build.make:98: recipe for target 'cmTC_bd46b' failed
make[1]: *** [cmTC_bd46b] Error 1
make[1]: Leaving directory '/root/app/code/build/CMakeFiles/CMakeTmp'
Makefile:127: recipe for target 'cmTC_bd46b/fast' failed
make: *** [cmTC_bd46b/fast] Error 2


Source file was:
#include <pthread.h>

static void* test_func(void* data)
{
  return data;
}

int main(void)
{
  pthread_t thread;
  pthread_create(&thread, NULL, test_func, NULL);
  pthread_detach(thread);
  pthread_cancel(thread);
  pthread_join(thread, NULL);
  pthread_atfork(NULL, NULL, NULL);
  pthread_exit(NULL);

  return 0;
}

Determining if the function pthread_create exists in the pthreads failed with the following output:
Change Dir: /root/app/code/build/CMakeFiles/CMakeTmp

Run Build Command(s):/usr/bin/make -f Makefile cmTC_4ab8a/fast && /usr/bin/make  -f CMakeFiles/cmTC_4ab8a.dir/build.make CMakeFiles/cmTC_4ab8a.dir/build
make[1]: Entering directory '/root/app/code/build/CMakeFiles/CMakeTmp'
Building C object CMakeFiles/cmTC_4ab8a.dir/CheckFunctionExists.c.o
/usr/bin/x86_64-linux-gnu-gcc-7   -DCHECK_FUNCTION_EXISTS=pthread_create -o CMakeFiles/cmTC_4ab8a.dir/CheckFunctionExists.c.o -c /usr/local/lib/python3.7/dist-packages/cmake/data/share/cmake-3.21/Modules/CheckFunctionExists.c
Linking C executable cmTC_4ab8a
/usr/local/lib/python3.7/dist-packages/cmake/data/bin/cmake -E cmake_link_script CMakeFiles/cmTC_4ab8a.dir/link.txt --verbose=1
/usr/bin/x86_64-linux-gnu-gcc-7  -DCHECK_FUNCTION_EXISTS=pthread_create -rdynamic CMakeFiles/cmTC_4ab8a.dir/CheckFunctionExists.c.o -o cmTC_4ab8a  -lpthreads 
/usr/bin/ld: cannot find -lpthreads
collect2: error: ld returned 1 exit status
CMakeFiles/cmTC_4ab8a.dir/build.make:98: recipe for target 'cmTC_4ab8a' failed
make[1]: *** [cmTC_4ab8a] Error 1
make[1]: Leaving directory '/root/app/code/build/CMakeFiles/CMakeTmp'
Makefile:127: recipe for target 'cmTC_4ab8a/fast' failed
make: *** [cmTC_4ab8a/fast] Error 2



